<?xml version="1.0" encoding="UTF-8"?>
<!-- Generated by org.testng.reporters.JUnitReportReporter -->
<testsuite hostname="TheDarkCrystal" failures="0" tests="1" name="SadPath_DELETE" time="2.843" errors="0" timestamp="2021-09-19T21:30:16 EDT" skipped="0">
  <testcase classname="SadPath_DELETE" name="deletePostResponse_isNot204" time="2.843"/>
  <system-out/>
</testsuite> <!-- SadPath_DELETE -->
