<?xml version="1.0" encoding="UTF-8"?>
<!-- Generated by org.testng.reporters.JUnitReportReporter -->
<testsuite hostname="TheDarkCrystal" failures="0" tests="7" name="HappyPath_PUT" time="5.506" errors="0" timestamp="2021-09-20T23:26:29 EDT" skipped="0">
  <testcase classname="HappyPath_PUT" name="patchPost" time="0.161"/>
  <system-out/>
  <testcase classname="HappyPath_PUT" name="updatePost" time="0.157"/>
  <system-out/>
  <testcase classname="HappyPath_PUT" name="updatePost" time="0.196"/>
  <system-out/>
  <testcase classname="HappyPath_PUT" name="patchPost" time="4.480"/>
  <system-out/>
  <testcase classname="HappyPath_PUT" name="patchPost" time="0.152"/>
  <system-out/>
  <testcase classname="HappyPath_PUT" name="patchPost" time="0.196"/>
  <system-out/>
  <testcase classname="HappyPath_PUT" name="updatePost" time="0.164"/>
  <system-out/>
</testsuite> <!-- HappyPath_PUT -->
