<?xml version="1.0" encoding="UTF-8"?>
<!-- Generated by org.testng.reporters.JUnitReportReporter -->
<testsuite hostname="TheDarkCrystal" failures="0" tests="4" name="HappyPath_DELETE" time="0.545" errors="0" timestamp="2021-09-20T23:26:29 EDT" skipped="0">
  <testcase classname="HappyPath_DELETE" name="deletePost" time="0.118"/>
  <system-out/>
  <testcase classname="HappyPath_DELETE" name="deletePost" time="0.137"/>
  <system-out/>
  <testcase classname="HappyPath_DELETE" name="deletePost" time="0.142"/>
  <system-out/>
  <testcase classname="HappyPath_DELETE" name="deletePost" time="0.148"/>
  <system-out/>
</testsuite> <!-- HappyPath_DELETE -->
