<?xml version="1.0" encoding="UTF-8"?>
<!-- Generated by org.testng.reporters.JUnitReportReporter -->
<testsuite hostname="TheDarkCrystal" failures="0" tests="9" name="HappyPath_POST" time="1.225" errors="0" timestamp="2021-09-20T23:26:29 EDT" skipped="0">
  <testcase classname="HappyPath_POST" name="createPost" time="0.117"/>
  <system-out/>
  <testcase classname="HappyPath_POST" name="createPostComment" time="0.124"/>
  <system-out/>
  <testcase classname="HappyPath_POST" name="addPhotoToAlbum" time="0.204"/>
  <system-out/>
  <testcase classname="HappyPath_POST" name="addPhotoToAlbum" time="0.109"/>
  <system-out/>
  <testcase classname="HappyPath_POST" name="createPostComment" time="0.134"/>
  <system-out/>
  <testcase classname="HappyPath_POST" name="createPostComment" time="0.109"/>
  <system-out/>
  <testcase classname="HappyPath_POST" name="createPost" time="0.129"/>
  <system-out/>
  <testcase classname="HappyPath_POST" name="createPost" time="0.113"/>
  <system-out/>
  <testcase classname="HappyPath_POST" name="addPhotoToAlbum" time="0.186"/>
  <system-out/>
</testsuite> <!-- HappyPath_POST -->
