<?xml version="1.0" encoding="UTF-8"?>
<!-- Generated by org.testng.reporters.JUnitReportReporter -->
<testsuite hostname="TheDarkCrystal" failures="0" tests="1" name="HappyPath_DELETE" time="2.983" errors="0" timestamp="2021-09-19T21:05:12 EDT" skipped="0">
  <testcase classname="HappyPath_DELETE" name="deletePost" time="2.983"/>
  <system-out/>
</testsuite> <!-- HappyPath_DELETE -->
