<?xml version="1.0" encoding="UTF-8"?>
<!-- Generated by org.testng.reporters.JUnitReportReporter -->
<testsuite hostname="TheDarkCrystal" failures="0" tests="5" name="SadPath_DELETE" time="0.567" errors="0" timestamp="2021-09-20T23:26:29 EDT" skipped="0">
  <testcase classname="SadPath_DELETE" name="deleteAllPosts" time="0.100"/>
  <system-out/>
  <testcase classname="SadPath_DELETE" name="deletePostResponse_isNot204" time="0.106"/>
  <system-out/>
  <testcase classname="SadPath_DELETE" name="deletePostResponse_isNot204" time="0.122"/>
  <system-out/>
  <testcase classname="SadPath_DELETE" name="deletePostResponse_isNot204" time="0.128"/>
  <system-out/>
  <testcase classname="SadPath_DELETE" name="deletePostResponse_isNot204" time="0.111"/>
  <system-out/>
</testsuite> <!-- SadPath_DELETE -->
