<?xml version="1.0" encoding="UTF-8"?>
<!-- Generated by org.testng.reporters.JUnitReportReporter -->
<testsuite hostname="TheDarkCrystal" failures="0" tests="2" name="HappyPath_GET" time="3.319" errors="0" timestamp="2021-09-19T20:16:42 EDT" skipped="0">
  <testcase classname="HappyPath_GET" name="listAllPosts" time="0.308"/>
  <system-out/>
  <testcase classname="HappyPath_GET" name="getPost" time="3.011"/>
  <system-out/>
</testsuite> <!-- HappyPath_GET -->
