<?xml version="1.0" encoding="UTF-8"?>
<!-- Generated by org.testng.reporters.JUnitReportReporter -->
<testsuite hostname="TheDarkCrystal" failures="0" tests="2" name="HappyPath_GET" time="3.139" errors="0" timestamp="2021-09-18T03:05:46 EDT" skipped="0">
  <testcase classname="HappyPath_GET" name="listAllResources" time="0.359"/>
  <system-out/>
  <testcase classname="HappyPath_GET" name="getAResource" time="2.780"/>
  <system-out/>
</testsuite> <!-- HappyPath_GET -->
