<?xml version="1.0" encoding="UTF-8"?>
<!-- Generated by org.testng.reporters.JUnitReportReporter -->
<testsuite hostname="TheDarkCrystal" failures="0" tests="3" name="HappyPath_POST" time="3.329" errors="0" timestamp="2021-09-18T15:36:34 EDT" skipped="0">
  <testcase classname="HappyPath_POST" name="createPostComment" time="0.173"/>
  <system-out/>
  <testcase classname="HappyPath_POST" name="addPhotoToAlbum" time="2.965"/>
  <system-out/>
  <testcase classname="HappyPath_POST" name="createPost" time="0.191"/>
  <system-out/>
</testsuite> <!-- HappyPath_POST -->
