<?xml version="1.0" encoding="UTF-8"?>
<!-- Generated by org.testng.reporters.JUnitReportReporter -->
<testsuite hostname="TheDarkCrystal" failures="0" tests="5" name="HappyPath_GET" time="0.782" errors="0" timestamp="2021-09-20T23:26:29 EDT" skipped="0">
  <testcase classname="HappyPath_GET" name="listAllPosts" time="0.295"/>
  <system-out/>
  <testcase classname="HappyPath_GET" name="getPost" time="0.127"/>
  <system-out/>
  <testcase classname="HappyPath_GET" name="getPost" time="0.117"/>
  <system-out/>
  <testcase classname="HappyPath_GET" name="getPost" time="0.114"/>
  <system-out/>
  <testcase classname="HappyPath_GET" name="getPost" time="0.129"/>
  <system-out/>
</testsuite> <!-- HappyPath_GET -->
