<?xml version="1.0" encoding="UTF-8"?>
<!-- Generated by org.testng.reporters.JUnitReportReporter -->
<testsuite hostname="TheDarkCrystal" failures="0" tests="1" name="HappyPath_POST" time="3.006" errors="0" timestamp="2021-09-18T15:13:45 EDT" skipped="0">
  <testcase classname="HappyPath_POST" name="addPhotoToAlbum" time="3.006"/>
  <system-out/>
</testsuite> <!-- HappyPath_POST -->
