<?xml version="1.0" encoding="UTF-8"?>
<!-- Generated by org.testng.reporters.JUnitReportReporter -->
<testsuite hostname="TheDarkCrystal" failures="0" tests="1" name="HappyPath_PUT" time="3.053" errors="0" timestamp="2021-09-19T20:34:17 EDT" skipped="0">
  <testcase classname="HappyPath_PUT" name="patchPost" time="3.053"/>
  <system-out/>
</testsuite> <!-- HappyPath_PUT -->
